{"C:\\Users\\linkc\\Downloads\\Backend Pharma\\src\\middlewares\\correlation-id.ts": {"path":"C:\\Users\\linkc\\Downloads\\Backend Pharma\\src\\middlewares\\correlation-id.ts","statementMap":{"0":{"start":{"line":4,"column":0},"end":{"line":4,"column":16}},"1":{"start":{"line":2,"column":0},"end":{"line":2,"column":36}},"2":{"start":{"line":5,"column":2},"end":{"line":5,"column":78}},"3":{"start":{"line":6,"column":2},"end":{"line":6,"column":55}},"4":{"start":{"line":7,"column":2},"end":{"line":7,"column":9}}},"fnMap":{"0":{"name":"correlationId","decl":{"start":{"line":4,"column":16},"end":{"line":4,"column":29}},"loc":{"start":{"line":4,"column":77},"end":{"line":8,"column":1}}}},"branchMap":{"0":{"loc":{"start":{"line":5,"column":23},"end":{"line":5,"column":77}},"type":"binary-expr","locations":[{"start":{"line":5,"column":23},"end":{"line":5,"column":65}},{"start":{"line":5,"column":69},"end":{"line":5,"column":77}}]}},"s":{"0":1,"1":1,"2":2,"3":2,"4":2},"f":{"0":2},"b":{"0":[2,1]}}
,"C:\\Users\\linkc\\Downloads\\Backend Pharma\\src\\middlewares\\error-handler.ts": {"path":"C:\\Users\\linkc\\Downloads\\Backend Pharma\\src\\middlewares\\error-handler.ts","statementMap":{"0":{"start":{"line":6,"column":0},"end":{"line":6,"column":16}},"1":{"start":{"line":2,"column":0},"end":{"line":2,"column":52}},"2":{"start":{"line":3,"column":0},"end":{"line":3,"column":53}},"3":{"start":{"line":4,"column":0},"end":{"line":4,"column":42}},"4":{"start":{"line":12,"column":2},"end":{"line":21,"column":3}},"5":{"start":{"line":13,"column":4},"end":{"line":18,"column":5}},"6":{"start":{"line":14,"column":6},"end":{"line":17,"column":8}},"7":{"start":{"line":19,"column":4},"end":{"line":19,"column":71}},"8":{"start":{"line":20,"column":4},"end":{"line":20,"column":11}},"9":{"start":{"line":23,"column":2},"end":{"line":26,"column":4}},"10":{"start":{"line":27,"column":2},"end":{"line":27,"column":72}}},"fnMap":{"0":{"name":"errorHandler","decl":{"start":{"line":6,"column":16},"end":{"line":6,"column":28}},"loc":{"start":{"line":10,"column":21},"end":{"line":28,"column":1}}}},"branchMap":{"0":{"loc":{"start":{"line":12,"column":2},"end":{"line":21,"column":3}},"type":"if","locations":[{"start":{"line":12,"column":2},"end":{"line":21,"column":3}}]},"1":{"loc":{"start":{"line":13,"column":4},"end":{"line":18,"column":5}},"type":"if","locations":[{"start":{"line":13,"column":4},"end":{"line":18,"column":5}}]}},"s":{"0":1,"1":1,"2":1,"3":1,"4":3,"5":2,"6":1,"7":2,"8":2,"9":1,"10":1},"f":{"0":3},"b":{"0":[2],"1":[1]}}
,"C:\\Users\\linkc\\Downloads\\Backend Pharma\\src\\middlewares\\validate.ts": {"path":"C:\\Users\\linkc\\Downloads\\Backend Pharma\\src\\middlewares\\validate.ts","statementMap":{"0":{"start":{"line":5,"column":0},"end":{"line":5,"column":16}},"1":{"start":{"line":17,"column":0},"end":{"line":17,"column":16}},"2":{"start":{"line":3,"column":0},"end":{"line":3,"column":53}},"3":{"start":{"line":6,"column":2},"end":{"line":14,"column":4}},"4":{"start":{"line":7,"column":19},"end":{"line":7,"column":45}},"5":{"start":{"line":8,"column":4},"end":{"line":11,"column":5}},"6":{"start":{"line":9,"column":6},"end":{"line":9,"column":100}},"7":{"start":{"line":10,"column":6},"end":{"line":10,"column":13}},"8":{"start":{"line":12,"column":4},"end":{"line":12,"column":27}},"9":{"start":{"line":13,"column":4},"end":{"line":13,"column":11}},"10":{"start":{"line":18,"column":2},"end":{"line":32,"column":4}},"11":{"start":{"line":19,"column":19},"end":{"line":19,"column":46}},"12":{"start":{"line":20,"column":4},"end":{"line":29,"column":5}},"13":{"start":{"line":21,"column":6},"end":{"line":27,"column":8}},"14":{"start":{"line":28,"column":6},"end":{"line":28,"column":13}},"15":{"start":{"line":30,"column":4},"end":{"line":30,"column":48}},"16":{"start":{"line":31,"column":4},"end":{"line":31,"column":11}},"17":{"start":{"line":36,"column":2},"end":{"line":39,"column":6}},"18":{"start":{"line":36,"column":34},"end":{"line":39,"column":4}}},"fnMap":{"0":{"name":"validateBody","decl":{"start":{"line":5,"column":16},"end":{"line":5,"column":28}},"loc":{"start":{"line":5,"column":46},"end":{"line":15,"column":1}}},"1":{"name":"(anonymous_1)","decl":{"start":{"line":6,"column":9},"end":{"line":6,"column":10}},"loc":{"start":{"line":6,"column":67},"end":{"line":14,"column":3}}},"2":{"name":"validateQuery","decl":{"start":{"line":17,"column":16},"end":{"line":17,"column":29}},"loc":{"start":{"line":17,"column":47},"end":{"line":33,"column":1}}},"3":{"name":"(anonymous_3)","decl":{"start":{"line":18,"column":9},"end":{"line":18,"column":10}},"loc":{"start":{"line":18,"column":67},"end":{"line":32,"column":3}}},"4":{"name":"formatZodError","decl":{"start":{"line":35,"column":9},"end":{"line":35,"column":23}},"loc":{"start":{"line":35,"column":39},"end":{"line":40,"column":1}}},"5":{"name":"(anonymous_5)","decl":{"start":{"line":36,"column":26},"end":{"line":36,"column":27}},"loc":{"start":{"line":36,"column":34},"end":{"line":39,"column":4}}}},"branchMap":{"0":{"loc":{"start":{"line":8,"column":4},"end":{"line":11,"column":5}},"type":"if","locations":[{"start":{"line":8,"column":4},"end":{"line":11,"column":5}}]},"1":{"loc":{"start":{"line":20,"column":4},"end":{"line":29,"column":5}},"type":"if","locations":[{"start":{"line":20,"column":4},"end":{"line":29,"column":5}}]}},"s":{"0":1,"1":1,"2":1,"3":2,"4":2,"5":2,"6":1,"7":1,"8":1,"9":1,"10":2,"11":2,"12":2,"13":1,"14":1,"15":1,"16":1,"17":2,"18":2},"f":{"0":2,"1":2,"2":2,"3":2,"4":2,"5":2},"b":{"0":[1],"1":[1]}}
,"C:\\Users\\linkc\\Downloads\\Backend Pharma\\src\\modules\\dashboard\\controller.ts": {"path":"C:\\Users\\linkc\\Downloads\\Backend Pharma\\src\\modules\\dashboard\\controller.ts","statementMap":{"0":{"start":{"line":3,"column":0},"end":{"line":3,"column":58}},"1":{"start":{"line":6,"column":31},"end":{"line":6,"column":56}},"2":{"start":{"line":8,"column":2},"end":{"line":15,"column":4}},"3":{"start":{"line":9,"column":4},"end":{"line":14,"column":5}},"4":{"start":{"line":10,"column":19},"end":{"line":10,"column":47}},"5":{"start":{"line":11,"column":6},"end":{"line":11,"column":29}},"6":{"start":{"line":13,"column":6},"end":{"line":13,"column":16}},"7":{"start":{"line":17,"column":2},"end":{"line":24,"column":4}},"8":{"start":{"line":18,"column":4},"end":{"line":23,"column":5}},"9":{"start":{"line":19,"column":22},"end":{"line":19,"column":53}},"10":{"start":{"line":20,"column":6},"end":{"line":20,"column":32}},"11":{"start":{"line":22,"column":6},"end":{"line":22,"column":16}},"12":{"start":{"line":5,"column":0},"end":{"line":5,"column":13}}},"fnMap":{"0":{"name":"(anonymous_0)","decl":{"start":{"line":6,"column":2},"end":{"line":6,"column":31}},"loc":{"start":{"line":6,"column":56},"end":{"line":6,"column":60}}},"1":{"name":"(anonymous_1)","decl":{"start":{"line":8,"column":12},"end":{"line":8,"column":17}},"loc":{"start":{"line":8,"column":86},"end":{"line":15,"column":3}}},"2":{"name":"(anonymous_2)","decl":{"start":{"line":17,"column":15},"end":{"line":17,"column":20}},"loc":{"start":{"line":17,"column":89},"end":{"line":24,"column":3}}}},"branchMap":{},"s":{"0":1,"1":3,"2":3,"3":2,"4":2,"5":1,"6":1,"7":3,"8":1,"9":1,"10":1,"11":0,"12":1},"f":{"0":3,"1":2,"2":1},"b":{}}
,"C:\\Users\\linkc\\Downloads\\Backend Pharma\\src\\modules\\dashboard\\service.ts": {"path":"C:\\Users\\linkc\\Downloads\\Backend Pharma\\src\\modules\\dashboard\\service.ts","statementMap":{"0":{"start":{"line":1,"column":0},"end":{"line":1,"column":47}},"1":{"start":{"line":3,"column":33},"end":{"line":3,"column":35}},"2":{"start":{"line":4,"column":25},"end":{"line":4,"column":27}},"3":{"start":{"line":22,"column":23},"end":{"line":22,"column":33}},"4":{"start":{"line":23,"column":4},"end":{"line":23,"column":36}},"5":{"start":{"line":25,"column":32},"end":{"line":25,"column":42}},"6":{"start":{"line":26,"column":4},"end":{"line":26,"column":82}},"7":{"start":{"line":28,"column":70},"end":{"line":37,"column":6}},"8":{"start":{"line":39,"column":4},"end":{"line":43,"column":6}},"9":{"start":{"line":47,"column":19},"end":{"line":52,"column":6}},"10":{"start":{"line":54,"column":24},"end":{"line":57,"column":6}},"11":{"start":{"line":55,"column":43},"end":{"line":55,"column":57}},"12":{"start":{"line":59,"column":19},"end":{"line":59,"column":61}},"13":{"start":{"line":59,"column":50},"end":{"line":59,"column":59}},"14":{"start":{"line":61,"column":4},"end":{"line":70,"column":7}},"15":{"start":{"line":62,"column":18},"end":{"line":62,"column":45}},"16":{"start":{"line":63,"column":6},"end":{"line":69,"column":8}},"17":{"start":{"line":20,"column":0},"end":{"line":20,"column":13}}},"fnMap":{"0":{"name":"(anonymous_0)","decl":{"start":{"line":21,"column":2},"end":{"line":21,"column":7}},"loc":{"start":{"line":21,"column":15},"end":{"line":44,"column":3}}},"1":{"name":"(anonymous_1)","decl":{"start":{"line":46,"column":2},"end":{"line":46,"column":7}},"loc":{"start":{"line":46,"column":18},"end":{"line":71,"column":3}}},"2":{"name":"(anonymous_2)","decl":{"start":{"line":55,"column":36},"end":{"line":55,"column":37}},"loc":{"start":{"line":55,"column":43},"end":{"line":55,"column":57}}},"3":{"name":"(anonymous_3)","decl":{"start":{"line":59,"column":43},"end":{"line":59,"column":44}},"loc":{"start":{"line":59,"column":50},"end":{"line":59,"column":59}}},"4":{"name":"(anonymous_4)","decl":{"start":{"line":61,"column":22},"end":{"line":61,"column":23}},"loc":{"start":{"line":61,"column":28},"end":{"line":70,"column":5}}}},"branchMap":{"0":{"loc":{"start":{"line":40,"column":27},"end":{"line":40,"column":61}},"type":"binary-expr","locations":[{"start":{"line":40,"column":27},"end":{"line":40,"column":56}},{"start":{"line":40,"column":60},"end":{"line":40,"column":61}}]},"1":{"loc":{"start":{"line":67,"column":23},"end":{"line":67,"column":43}},"type":"binary-expr","locations":[{"start":{"line":67,"column":23},"end":{"line":67,"column":38}},{"start":{"line":67,"column":42},"end":{"line":67,"column":43}}]},"2":{"loc":{"start":{"line":68,"column":29},"end":{"line":68,"column":49}},"type":"binary-expr","locations":[{"start":{"line":68,"column":29},"end":{"line":68,"column":44}},{"start":{"line":68,"column":48},"end":{"line":68,"column":49}}]}},"s":{"0":1,"1":1,"2":1,"3":2,"4":2,"5":2,"6":2,"7":2,"8":2,"9":2,"10":2,"11":3,"12":2,"13":3,"14":2,"15":3,"16":3,"17":1},"f":{"0":2,"1":2,"2":3,"3":3,"4":3},"b":{"0":[2,1],"1":[3,1],"2":[3,1]}}
,"C:\\Users\\linkc\\Downloads\\Backend Pharma\\src\\modules\\medications\\controller.ts": {"path":"C:\\Users\\linkc\\Downloads\\Backend Pharma\\src\\modules\\medications\\controller.ts","statementMap":{"0":{"start":{"line":3,"column":0},"end":{"line":3,"column":58}},"1":{"start":{"line":7,"column":31},"end":{"line":7,"column":57}},"2":{"start":{"line":9,"column":2},"end":{"line":17,"column":4}},"3":{"start":{"line":10,"column":4},"end":{"line":16,"column":5}},"4":{"start":{"line":11,"column":20},"end":{"line":11,"column":64}},"5":{"start":{"line":12,"column":21},"end":{"line":12,"column":51}},"6":{"start":{"line":13,"column":6},"end":{"line":13,"column":31}},"7":{"start":{"line":15,"column":6},"end":{"line":15,"column":16}},"8":{"start":{"line":19,"column":2},"end":{"line":26,"column":4}},"9":{"start":{"line":20,"column":4},"end":{"line":25,"column":5}},"10":{"start":{"line":21,"column":20},"end":{"line":21,"column":68}},"11":{"start":{"line":22,"column":6},"end":{"line":22,"column":30}},"12":{"start":{"line":24,"column":6},"end":{"line":24,"column":16}},"13":{"start":{"line":28,"column":2},"end":{"line":35,"column":4}},"14":{"start":{"line":29,"column":4},"end":{"line":34,"column":5}},"15":{"start":{"line":30,"column":18},"end":{"line":30,"column":59}},"16":{"start":{"line":31,"column":6},"end":{"line":31,"column":28}},"17":{"start":{"line":33,"column":6},"end":{"line":33,"column":16}},"18":{"start":{"line":37,"column":2},"end":{"line":44,"column":4}},"19":{"start":{"line":38,"column":4},"end":{"line":43,"column":5}},"20":{"start":{"line":39,"column":18},"end":{"line":39,"column":53}},"21":{"start":{"line":40,"column":6},"end":{"line":40,"column":33}},"22":{"start":{"line":42,"column":6},"end":{"line":42,"column":16}},"23":{"start":{"line":46,"column":2},"end":{"line":53,"column":4}},"24":{"start":{"line":47,"column":4},"end":{"line":52,"column":5}},"25":{"start":{"line":48,"column":18},"end":{"line":48,"column":68}},"26":{"start":{"line":49,"column":6},"end":{"line":49,"column":28}},"27":{"start":{"line":51,"column":6},"end":{"line":51,"column":16}},"28":{"start":{"line":55,"column":2},"end":{"line":62,"column":4}},"29":{"start":{"line":56,"column":4},"end":{"line":61,"column":5}},"30":{"start":{"line":57,"column":6},"end":{"line":57,"column":47}},"31":{"start":{"line":58,"column":6},"end":{"line":58,"column":34}},"32":{"start":{"line":60,"column":6},"end":{"line":60,"column":16}},"33":{"start":{"line":6,"column":0},"end":{"line":6,"column":13}}},"fnMap":{"0":{"name":"(anonymous_0)","decl":{"start":{"line":7,"column":2},"end":{"line":7,"column":31}},"loc":{"start":{"line":7,"column":57},"end":{"line":7,"column":61}}},"1":{"name":"(anonymous_1)","decl":{"start":{"line":9,"column":9},"end":{"line":9,"column":14}},"loc":{"start":{"line":9,"column":82},"end":{"line":17,"column":3}}},"2":{"name":"(anonymous_2)","decl":{"start":{"line":19,"column":11},"end":{"line":19,"column":16}},"loc":{"start":{"line":19,"column":84},"end":{"line":26,"column":3}}},"3":{"name":"(anonymous_3)","decl":{"start":{"line":28,"column":12},"end":{"line":28,"column":17}},"loc":{"start":{"line":28,"column":85},"end":{"line":35,"column":3}}},"4":{"name":"(anonymous_4)","decl":{"start":{"line":37,"column":11},"end":{"line":37,"column":16}},"loc":{"start":{"line":37,"column":84},"end":{"line":44,"column":3}}},"5":{"name":"(anonymous_5)","decl":{"start":{"line":46,"column":11},"end":{"line":46,"column":16}},"loc":{"start":{"line":46,"column":84},"end":{"line":53,"column":3}}},"6":{"name":"(anonymous_6)","decl":{"start":{"line":55,"column":11},"end":{"line":55,"column":16}},"loc":{"start":{"line":55,"column":84},"end":{"line":62,"column":3}}}},"branchMap":{},"s":{"0":1,"1":7,"2":7,"3":1,"4":1,"5":1,"6":1,"7":0,"8":7,"9":1,"10":1,"11":1,"12":0,"13":7,"14":2,"15":2,"16":1,"17":1,"18":7,"19":1,"20":1,"21":1,"22":0,"23":7,"24":1,"25":1,"26":1,"27":0,"28":7,"29":1,"30":1,"31":1,"32":0,"33":1},"f":{"0":7,"1":1,"2":1,"3":2,"4":1,"5":1,"6":1},"b":{}}
,"C:\\Users\\linkc\\Downloads\\Backend Pharma\\src\\modules\\medications\\repository.ts": {"path":"C:\\Users\\linkc\\Downloads\\Backend Pharma\\src\\modules\\medications\\repository.ts","statementMap":{"0":{"start":{"line":2,"column":0},"end":{"line":2,"column":47}},"1":{"start":{"line":14,"column":44},"end":{"line":14,"column":51}},"2":{"start":{"line":15,"column":17},"end":{"line":15,"column":35}},"3":{"start":{"line":17,"column":47},"end":{"line":20,"column":6}},"4":{"start":{"line":22,"column":27},"end":{"line":25,"column":6}},"5":{"start":{"line":27,"column":4},"end":{"line":27,"column":79}},"6":{"start":{"line":31,"column":4},"end":{"line":40,"column":7}},"7":{"start":{"line":44,"column":4},"end":{"line":44,"column":59}},"8":{"start":{"line":48,"column":4},"end":{"line":50,"column":7}},"9":{"start":{"line":54,"column":4},"end":{"line":54,"column":46}},"10":{"start":{"line":58,"column":4},"end":{"line":58,"column":61}},"11":{"start":{"line":62,"column":4},"end":{"line":62,"column":54}},"12":{"start":{"line":12,"column":0},"end":{"line":12,"column":13}}},"fnMap":{"0":{"name":"(anonymous_0)","decl":{"start":{"line":13,"column":2},"end":{"line":13,"column":7}},"loc":{"start":{"line":13,"column":42},"end":{"line":28,"column":3}}},"1":{"name":"(anonymous_1)","decl":{"start":{"line":30,"column":2},"end":{"line":30,"column":7}},"loc":{"start":{"line":30,"column":24},"end":{"line":41,"column":3}}},"2":{"name":"(anonymous_2)","decl":{"start":{"line":43,"column":2},"end":{"line":43,"column":7}},"loc":{"start":{"line":43,"column":27},"end":{"line":45,"column":3}}},"3":{"name":"(anonymous_3)","decl":{"start":{"line":47,"column":2},"end":{"line":47,"column":7}},"loc":{"start":{"line":47,"column":49},"end":{"line":51,"column":3}}},"4":{"name":"(anonymous_4)","decl":{"start":{"line":53,"column":2},"end":{"line":53,"column":7}},"loc":{"start":{"line":53,"column":49},"end":{"line":55,"column":3}}},"5":{"name":"(anonymous_5)","decl":{"start":{"line":57,"column":2},"end":{"line":57,"column":7}},"loc":{"start":{"line":57,"column":61},"end":{"line":59,"column":3}}},"6":{"name":"(anonymous_6)","decl":{"start":{"line":61,"column":2},"end":{"line":61,"column":7}},"loc":{"start":{"line":61,"column":25},"end":{"line":63,"column":3}}}},"branchMap":{"0":{"loc":{"start":{"line":18,"column":10},"end":{"line":18,"column":67}},"type":"binary-expr","locations":[{"start":{"line":18,"column":10},"end":{"line":18,"column":14}},{"start":{"line":18,"column":18},"end":{"line":18,"column":67}}]},"1":{"loc":{"start":{"line":19,"column":10},"end":{"line":19,"column":34}},"type":"binary-expr","locations":[{"start":{"line":19,"column":10},"end":{"line":19,"column":18}},{"start":{"line":19,"column":22},"end":{"line":19,"column":34}}]},"2":{"loc":{"start":{"line":49,"column":24},"end":{"line":49,"column":63}},"type":"binary-expr","locations":[{"start":{"line":49,"column":24},"end":{"line":49,"column":33}},{"start":{"line":49,"column":37},"end":{"line":49,"column":63}}]}},"s":{"0":1,"1":1,"2":1,"3":1,"4":1,"5":1,"6":1,"7":1,"8":1,"9":1,"10":1,"11":1,"12":1},"f":{"0":1,"1":1,"2":1,"3":1,"4":1,"5":1,"6":1},"b":{"0":[1,1],"1":[1,1],"2":[1,1]}}
,"C:\\Users\\linkc\\Downloads\\Backend Pharma\\src\\modules\\medications\\schema.ts": {"path":"C:\\Users\\linkc\\Downloads\\Backend Pharma\\src\\modules\\medications\\schema.ts","statementMap":{"0":{"start":{"line":1,"column":0},"end":{"line":1,"column":24}},"1":{"start":{"line":2,"column":0},"end":{"line":2,"column":52}},"2":{"start":{"line":4,"column":13},"end":{"line":15,"column":3}},"3":{"start":{"line":14,"column":19},"end":{"line":14,"column":43}},"4":{"start":{"line":17,"column":13},"end":{"line":17,"column":71}},"5":{"start":{"line":19,"column":13},"end":{"line":24,"column":3}},"6":{"start":{"line":26,"column":13},"end":{"line":28,"column":3}}},"fnMap":{"0":{"name":"(anonymous_0)","decl":{"start":{"line":14,"column":12},"end":{"line":14,"column":13}},"loc":{"start":{"line":14,"column":19},"end":{"line":14,"column":43}}}},"branchMap":{},"s":{"0":1,"1":1,"2":1,"3":8,"4":1,"5":1,"6":1},"f":{"0":8},"b":{}}
,"C:\\Users\\linkc\\Downloads\\Backend Pharma\\src\\modules\\medications\\service.ts": {"path":"C:\\Users\\linkc\\Downloads\\Backend Pharma\\src\\modules\\medications\\service.ts","statementMap":{"0":{"start":{"line":4,"column":0},"end":{"line":4,"column":79}},"1":{"start":{"line":7,"column":33},"end":{"line":7,"column":35}},"2":{"start":{"line":8,"column":25},"end":{"line":8,"column":27}},"3":{"start":{"line":16,"column":18},"end":{"line":16,"column":37}},"4":{"start":{"line":17,"column":23},"end":{"line":17,"column":82}},"5":{"start":{"line":18,"column":2},"end":{"line":22,"column":4}},"6":{"start":{"line":26,"column":31},"end":{"line":26,"column":57}},"7":{"start":{"line":29,"column":19},"end":{"line":29,"column":51}},"8":{"start":{"line":30,"column":4},"end":{"line":30,"column":58}},"9":{"start":{"line":34,"column":18},"end":{"line":34,"column":43}},"10":{"start":{"line":35,"column":4},"end":{"line":35,"column":29}},"11":{"start":{"line":39,"column":16},"end":{"line":39,"column":44}},"12":{"start":{"line":40,"column":4},"end":{"line":40,"column":60}},"13":{"start":{"line":40,"column":14},"end":{"line":40,"column":60}},"14":{"start":{"line":41,"column":4},"end":{"line":41,"column":23}},"15":{"start":{"line":45,"column":21},"end":{"line":45,"column":55}},"16":{"start":{"line":46,"column":4},"end":{"line":46,"column":81}},"17":{"start":{"line":46,"column":18},"end":{"line":46,"column":81}},"18":{"start":{"line":48,"column":16},"end":{"line":52,"column":6}},"19":{"start":{"line":53,"column":4},"end":{"line":53,"column":23}},"20":{"start":{"line":57,"column":4},"end":{"line":57,"column":27}},"21":{"start":{"line":59,"column":4},"end":{"line":62,"column":5}},"22":{"start":{"line":60,"column":23},"end":{"line":60,"column":61}},"23":{"start":{"line":61,"column":6},"end":{"line":61,"column":83}},"24":{"start":{"line":61,"column":20},"end":{"line":61,"column":83}},"25":{"start":{"line":64,"column":16},"end":{"line":67,"column":6}},"26":{"start":{"line":68,"column":4},"end":{"line":68,"column":23}},"27":{"start":{"line":72,"column":4},"end":{"line":72,"column":27}},"28":{"start":{"line":73,"column":4},"end":{"line":73,"column":31}},"29":{"start":{"line":25,"column":0},"end":{"line":25,"column":13}}},"fnMap":{"0":{"name":"enrich","decl":{"start":{"line":15,"column":9},"end":{"line":15,"column":15}},"loc":{"start":{"line":15,"column":29},"end":{"line":23,"column":1}}},"1":{"name":"(anonymous_1)","decl":{"start":{"line":26,"column":2},"end":{"line":26,"column":31}},"loc":{"start":{"line":26,"column":57},"end":{"line":26,"column":61}}},"2":{"name":"(anonymous_2)","decl":{"start":{"line":28,"column":2},"end":{"line":28,"column":7}},"loc":{"start":{"line":28,"column":39},"end":{"line":31,"column":3}}},"3":{"name":"(anonymous_3)","decl":{"start":{"line":33,"column":2},"end":{"line":33,"column":7}},"loc":{"start":{"line":33,"column":24},"end":{"line":36,"column":3}}},"4":{"name":"(anonymous_4)","decl":{"start":{"line":38,"column":2},"end":{"line":38,"column":7}},"loc":{"start":{"line":38,"column":26},"end":{"line":42,"column":3}}},"5":{"name":"(anonymous_5)","decl":{"start":{"line":44,"column":2},"end":{"line":44,"column":7}},"loc":{"start":{"line":44,"column":39},"end":{"line":54,"column":3}}},"6":{"name":"(anonymous_6)","decl":{"start":{"line":56,"column":2},"end":{"line":56,"column":7}},"loc":{"start":{"line":56,"column":51},"end":{"line":69,"column":3}}},"7":{"name":"(anonymous_7)","decl":{"start":{"line":71,"column":2},"end":{"line":71,"column":7}},"loc":{"start":{"line":71,"column":25},"end":{"line":74,"column":3}}}},"branchMap":{"0":{"loc":{"start":{"line":40,"column":4},"end":{"line":40,"column":60}},"type":"if","locations":[{"start":{"line":40,"column":4},"end":{"line":40,"column":60}}]},"1":{"loc":{"start":{"line":46,"column":4},"end":{"line":46,"column":81}},"type":"if","locations":[{"start":{"line":46,"column":4},"end":{"line":46,"column":81}}]},"2":{"loc":{"start":{"line":59,"column":4},"end":{"line":62,"column":5}},"type":"if","locations":[{"start":{"line":59,"column":4},"end":{"line":62,"column":5}}]},"3":{"loc":{"start":{"line":61,"column":6},"end":{"line":61,"column":83}},"type":"if","locations":[{"start":{"line":61,"column":6},"end":{"line":61,"column":83}}]},"4":{"loc":{"start":{"line":66,"column":10},"end":{"line":66,"column":68}},"type":"binary-expr","locations":[{"start":{"line":66,"column":10},"end":{"line":66,"column":24}},{"start":{"line":66,"column":28},"end":{"line":66,"column":68}}]}},"s":{"0":1,"1":1,"2":1,"3":12,"4":12,"5":12,"6":14,"7":1,"8":1,"9":1,"10":1,"11":10,"12":10,"13":3,"14":7,"15":2,"16":2,"17":1,"18":1,"19":1,"20":3,"21":2,"22":2,"23":2,"24":1,"25":1,"26":1,"27":2,"28":1,"29":1},"f":{"0":12,"1":14,"2":1,"3":1,"4":10,"5":2,"6":3,"7":2},"b":{"0":[3],"1":[1],"2":[2],"3":[1],"4":[1,1]}}
,"C:\\Users\\linkc\\Downloads\\Backend Pharma\\src\\modules\\sales\\controller.ts": {"path":"C:\\Users\\linkc\\Downloads\\Backend Pharma\\src\\modules\\sales\\controller.ts","statementMap":{"0":{"start":{"line":3,"column":0},"end":{"line":3,"column":58}},"1":{"start":{"line":6,"column":31},"end":{"line":6,"column":51}},"2":{"start":{"line":8,"column":2},"end":{"line":16,"column":4}},"3":{"start":{"line":9,"column":4},"end":{"line":15,"column":5}},"4":{"start":{"line":10,"column":21},"end":{"line":10,"column":47}},"5":{"start":{"line":11,"column":19},"end":{"line":11,"column":62}},"6":{"start":{"line":12,"column":6},"end":{"line":12,"column":34}},"7":{"start":{"line":14,"column":6},"end":{"line":14,"column":16}},"8":{"start":{"line":5,"column":0},"end":{"line":5,"column":13}}},"fnMap":{"0":{"name":"(anonymous_0)","decl":{"start":{"line":6,"column":2},"end":{"line":6,"column":31}},"loc":{"start":{"line":6,"column":51},"end":{"line":6,"column":55}}},"1":{"name":"(anonymous_1)","decl":{"start":{"line":8,"column":11},"end":{"line":8,"column":16}},"loc":{"start":{"line":8,"column":84},"end":{"line":16,"column":3}}}},"branchMap":{},"s":{"0":1,"1":2,"2":2,"3":2,"4":2,"5":2,"6":1,"7":1,"8":1},"f":{"0":2,"1":2},"b":{}}
,"C:\\Users\\linkc\\Downloads\\Backend Pharma\\src\\modules\\sales\\repository.ts": {"path":"C:\\Users\\linkc\\Downloads\\Backend Pharma\\src\\modules\\sales\\repository.ts","statementMap":{"0":{"start":{"line":1,"column":0},"end":{"line":1,"column":56}},"1":{"start":{"line":2,"column":0},"end":{"line":2,"column":47}},"2":{"start":{"line":12,"column":4},"end":{"line":48,"column":7}},"3":{"start":{"line":14,"column":6},"end":{"line":22,"column":7}},"4":{"start":{"line":15,"column":20},"end":{"line":15,"column":88}},"5":{"start":{"line":16,"column":8},"end":{"line":16,"column":79}},"6":{"start":{"line":16,"column":18},"end":{"line":16,"column":79}},"7":{"start":{"line":17,"column":8},"end":{"line":21,"column":9}},"8":{"start":{"line":18,"column":10},"end":{"line":20,"column":12}},"9":{"start":{"line":25,"column":6},"end":{"line":30,"column":7}},"10":{"start":{"line":26,"column":8},"end":{"line":29,"column":11}},"11":{"start":{"line":33,"column":6},"end":{"line":47,"column":9}},"12":{"start":{"line":38,"column":38},"end":{"line":43,"column":14}},"13":{"start":{"line":6,"column":0},"end":{"line":6,"column":13}}},"fnMap":{"0":{"name":"(anonymous_0)","decl":{"start":{"line":7,"column":2},"end":{"line":7,"column":7}},"loc":{"start":{"line":10,"column":17},"end":{"line":49,"column":3}}},"1":{"name":"(anonymous_1)","decl":{"start":{"line":12,"column":31},"end":{"line":12,"column":36}},"loc":{"start":{"line":12,"column":44},"end":{"line":48,"column":5}}},"2":{"name":"(anonymous_2)","decl":{"start":{"line":38,"column":30},"end":{"line":38,"column":31}},"loc":{"start":{"line":38,"column":38},"end":{"line":43,"column":14}}}},"branchMap":{"0":{"loc":{"start":{"line":16,"column":8},"end":{"line":16,"column":79}},"type":"if","locations":[{"start":{"line":16,"column":8},"end":{"line":16,"column":79}}]},"1":{"loc":{"start":{"line":17,"column":8},"end":{"line":21,"column":9}},"type":"if","locations":[{"start":{"line":17,"column":8},"end":{"line":21,"column":9}}]}},"s":{"0":1,"1":1,"2":3,"3":3,"4":3,"5":3,"6":1,"7":2,"8":1,"9":1,"10":1,"11":1,"12":1,"13":1},"f":{"0":3,"1":3,"2":1},"b":{"0":[1],"1":[1]}}
,"C:\\Users\\linkc\\Downloads\\Backend Pharma\\src\\modules\\sales\\schema.ts": {"path":"C:\\Users\\linkc\\Downloads\\Backend Pharma\\src\\modules\\sales\\schema.ts","statementMap":{"0":{"start":{"line":1,"column":0},"end":{"line":1,"column":24}},"1":{"start":{"line":3,"column":13},"end":{"line":12,"column":3}}},"fnMap":{},"branchMap":{},"s":{"0":1,"1":1},"f":{},"b":{}}
,"C:\\Users\\linkc\\Downloads\\Backend Pharma\\src\\modules\\sales\\service.ts": {"path":"C:\\Users\\linkc\\Downloads\\Backend Pharma\\src\\modules\\sales\\service.ts","statementMap":{"0":{"start":{"line":1,"column":0},"end":{"line":1,"column":47}},"1":{"start":{"line":4,"column":0},"end":{"line":4,"column":84}},"2":{"start":{"line":7,"column":31},"end":{"line":7,"column":51}},"3":{"start":{"line":11,"column":17},"end":{"line":11,"column":77}},"4":{"start":{"line":12,"column":4},"end":{"line":12,"column":59}},"5":{"start":{"line":12,"column":15},"end":{"line":12,"column":59}},"6":{"start":{"line":20,"column":10},"end":{"line":20,"column":12}},"7":{"start":{"line":22,"column":4},"end":{"line":40,"column":5}},"8":{"start":{"line":23,"column":18},"end":{"line":23,"column":90}},"9":{"start":{"line":24,"column":6},"end":{"line":24,"column":77}},"10":{"start":{"line":24,"column":16},"end":{"line":24,"column":77}},"11":{"start":{"line":26,"column":6},"end":{"line":31,"column":7}},"12":{"start":{"line":27,"column":8},"end":{"line":30,"column":10}},"13":{"start":{"line":33,"column":24},"end":{"line":33,"column":41}},"14":{"start":{"line":34,"column":6},"end":{"line":39,"column":9}},"15":{"start":{"line":42,"column":18},"end":{"line":42,"column":66}},"16":{"start":{"line":42,"column":46},"end":{"line":42,"column":62}},"17":{"start":{"line":44,"column":4},"end":{"line":44,"column":63}},"18":{"start":{"line":6,"column":0},"end":{"line":6,"column":13}}},"fnMap":{"0":{"name":"(anonymous_0)","decl":{"start":{"line":7,"column":2},"end":{"line":7,"column":31}},"loc":{"start":{"line":7,"column":51},"end":{"line":7,"column":55}}},"1":{"name":"(anonymous_1)","decl":{"start":{"line":9,"column":2},"end":{"line":9,"column":7}},"loc":{"start":{"line":9,"column":49},"end":{"line":45,"column":3}}},"2":{"name":"(anonymous_2)","decl":{"start":{"line":42,"column":34},"end":{"line":42,"column":35}},"loc":{"start":{"line":42,"column":46},"end":{"line":42,"column":62}}}},"branchMap":{"0":{"loc":{"start":{"line":12,"column":4},"end":{"line":12,"column":59}},"type":"if","locations":[{"start":{"line":12,"column":4},"end":{"line":12,"column":59}}]},"1":{"loc":{"start":{"line":24,"column":6},"end":{"line":24,"column":77}},"type":"if","locations":[{"start":{"line":24,"column":6},"end":{"line":24,"column":77}}]},"2":{"loc":{"start":{"line":26,"column":6},"end":{"line":31,"column":7}},"type":"if","locations":[{"start":{"line":26,"column":6},"end":{"line":31,"column":7}}]}},"s":{"0":1,"1":1,"2":4,"3":4,"4":4,"5":1,"6":3,"7":3,"8":4,"9":4,"10":1,"11":3,"12":1,"13":2,"14":2,"15":1,"16":2,"17":1,"18":1},"f":{"0":4,"1":4,"2":2},"b":{"0":[1],"1":[1],"2":[1]}}
,"C:\\Users\\linkc\\Downloads\\Backend Pharma\\src\\shared\\exceptions\\index.ts": {"path":"C:\\Users\\linkc\\Downloads\\Backend Pharma\\src\\shared\\exceptions\\index.ts","statementMap":{"0":{"start":{"line":8,"column":4},"end":{"line":8,"column":19}},"1":{"start":{"line":3,"column":20},"end":{"line":3,"column":38}},"2":{"start":{"line":4,"column":20},"end":{"line":4,"column":32}},"3":{"start":{"line":6,"column":20},"end":{"line":6,"column":37}},"4":{"start":{"line":9,"column":4},"end":{"line":9,"column":31}},"5":{"start":{"line":1,"column":0},"end":{"line":1,"column":13}},"6":{"start":{"line":15,"column":4},"end":{"line":15,"column":65}},"7":{"start":{"line":16,"column":4},"end":{"line":16,"column":38}},"8":{"start":{"line":13,"column":0},"end":{"line":13,"column":13}},"9":{"start":{"line":22,"column":4},"end":{"line":22,"column":69}},"10":{"start":{"line":23,"column":4},"end":{"line":23,"column":36}},"11":{"start":{"line":20,"column":0},"end":{"line":20,"column":13}},"12":{"start":{"line":29,"column":4},"end":{"line":29,"column":36}},"13":{"start":{"line":30,"column":4},"end":{"line":30,"column":36}},"14":{"start":{"line":27,"column":0},"end":{"line":27,"column":13}},"15":{"start":{"line":36,"column":4},"end":{"line":36,"column":57}},"16":{"start":{"line":37,"column":4},"end":{"line":37,"column":41}},"17":{"start":{"line":34,"column":0},"end":{"line":34,"column":13}},"18":{"start":{"line":43,"column":4},"end":{"line":43,"column":40}},"19":{"start":{"line":44,"column":4},"end":{"line":44,"column":40}},"20":{"start":{"line":41,"column":0},"end":{"line":41,"column":13}},"21":{"start":{"line":50,"column":4},"end":{"line":50,"column":37}},"22":{"start":{"line":51,"column":4},"end":{"line":51,"column":37}},"23":{"start":{"line":48,"column":0},"end":{"line":48,"column":13}}},"fnMap":{"0":{"name":"(anonymous_0)","decl":{"start":{"line":2,"column":2},"end":{"line":2,"column":null}},"loc":{"start":{"line":6,"column":37},"end":{"line":10,"column":3}}},"1":{"name":"(anonymous_1)","decl":{"start":{"line":14,"column":2},"end":{"line":14,"column":14}},"loc":{"start":{"line":14,"column":30},"end":{"line":17,"column":3}}},"2":{"name":"(anonymous_2)","decl":{"start":{"line":21,"column":2},"end":{"line":21,"column":14}},"loc":{"start":{"line":21,"column":42},"end":{"line":24,"column":3}}},"3":{"name":"(anonymous_3)","decl":{"start":{"line":28,"column":2},"end":{"line":28,"column":14}},"loc":{"start":{"line":28,"column":29},"end":{"line":31,"column":3}}},"4":{"name":"(anonymous_4)","decl":{"start":{"line":35,"column":2},"end":{"line":35,"column":14}},"loc":{"start":{"line":35,"column":48},"end":{"line":38,"column":3}}},"5":{"name":"(anonymous_5)","decl":{"start":{"line":42,"column":2},"end":{"line":42,"column":14}},"loc":{"start":{"line":42,"column":38},"end":{"line":45,"column":3}}},"6":{"name":"(anonymous_6)","decl":{"start":{"line":49,"column":2},"end":{"line":49,"column":14}},"loc":{"start":{"line":49,"column":35},"end":{"line":52,"column":3}}}},"branchMap":{"0":{"loc":{"start":{"line":42,"column":14},"end":{"line":42,"column":38}},"type":"default-arg","locations":[{"start":{"line":42,"column":24},"end":{"line":42,"column":38}}]},"1":{"loc":{"start":{"line":49,"column":14},"end":{"line":49,"column":35}},"type":"default-arg","locations":[{"start":{"line":49,"column":24},"end":{"line":49,"column":35}}]}},"s":{"0":17,"1":17,"2":17,"3":17,"4":17,"5":4,"6":1,"7":1,"8":4,"9":6,"10":6,"11":4,"12":4,"13":4,"14":4,"15":2,"16":2,"17":4,"18":1,"19":1,"20":4,"21":1,"22":1,"23":4},"f":{"0":17,"1":1,"2":6,"3":4,"4":2,"5":1,"6":1},"b":{"0":[1],"1":[0]}}
,"C:\\Users\\linkc\\Downloads\\Backend Pharma\\src\\shared\\utils\\response.ts": {"path":"C:\\Users\\linkc\\Downloads\\Backend Pharma\\src\\shared\\utils\\response.ts","statementMap":{"0":{"start":{"line":4,"column":0},"end":{"line":4,"column":16}},"1":{"start":{"line":9,"column":0},"end":{"line":9,"column":16}},"2":{"start":{"line":5,"column":31},"end":{"line":5,"column":54}},"3":{"start":{"line":6,"column":2},"end":{"line":6,"column":36}},"4":{"start":{"line":16,"column":28},"end":{"line":19,"column":4}},"5":{"start":{"line":20,"column":2},"end":{"line":20,"column":36}}},"fnMap":{"0":{"name":"sendSuccess","decl":{"start":{"line":4,"column":16},"end":{"line":4,"column":27}},"loc":{"start":{"line":4,"column":71},"end":{"line":7,"column":1}}},"1":{"name":"sendError","decl":{"start":{"line":9,"column":16},"end":{"line":9,"column":25}},"loc":{"start":{"line":14,"column":19},"end":{"line":21,"column":1}}}},"branchMap":{"0":{"loc":{"start":{"line":4,"column":55},"end":{"line":4,"column":71}},"type":"default-arg","locations":[{"start":{"line":4,"column":68},"end":{"line":4,"column":71}}]},"1":{"loc":{"start":{"line":18,"column":32},"end":{"line":18,"column":68}},"type":"binary-expr","locations":[{"start":{"line":18,"column":32},"end":{"line":18,"column":53}},{"start":{"line":18,"column":57},"end":{"line":18,"column":68}}]}},"s":{"0":6,"1":6,"2":11,"3":11,"4":7,"5":7},"f":{"0":11,"1":7},"b":{"0":[7],"1":[7,3]}}
}
