TN:
SF:src\middlewares\correlation-id.ts
FN:4,correlationId
FNF:1
FNH:1
FNDA:2,correlationId
DA:2,1
DA:4,1
DA:5,2
DA:6,2
DA:7,2
LF:5
LH:5
BRDA:5,0,0,2
BRDA:5,0,1,1
BRF:2
BRH:2
end_of_record
TN:
SF:src\middlewares\error-handler.ts
FN:6,errorHandler
FNF:1
FNH:1
FNDA:3,errorHandler
DA:2,1
DA:3,1
DA:4,1
DA:6,1
DA:12,3
DA:13,2
DA:14,1
DA:19,2
DA:20,2
DA:23,1
DA:27,1
LF:11
LH:11
BRDA:12,0,0,2
BRDA:13,1,0,1
BRF:2
BRH:2
end_of_record
TN:
SF:src\middlewares\validate.ts
FN:5,validateBody
FN:6,(anonymous_1)
FN:17,validateQuery
FN:18,(anonymous_3)
FN:35,formatZodError
FN:36,(anonymous_5)
FNF:6
FNH:6
FNDA:2,validateBody
FNDA:2,(anonymous_1)
FNDA:2,validateQuery
FNDA:2,(anonymous_3)
FNDA:2,formatZodError
FNDA:2,(anonymous_5)
DA:3,1
DA:5,1
DA:6,2
DA:7,2
DA:8,2
DA:9,1
DA:10,1
DA:12,1
DA:13,1
DA:17,1
DA:18,2
DA:19,2
DA:20,2
DA:21,1
DA:28,1
DA:30,1
DA:31,1
DA:36,2
LF:18
LH:18
BRDA:8,0,0,1
BRDA:20,1,0,1
BRF:2
BRH:2
end_of_record
TN:
SF:src\modules\dashboard\controller.ts
FN:6,(anonymous_0)
FN:8,(anonymous_1)
FN:17,(anonymous_2)
FNF:3
FNH:3
FNDA:3,(anonymous_0)
FNDA:2,(anonymous_1)
FNDA:1,(anonymous_2)
DA:3,1
DA:5,1
DA:6,3
DA:8,3
DA:9,2
DA:10,2
DA:11,1
DA:13,1
DA:17,3
DA:18,1
DA:19,1
DA:20,1
DA:22,0
LF:13
LH:12
BRF:0
BRH:0
end_of_record
TN:
SF:src\modules\dashboard\service.ts
FN:21,(anonymous_0)
FN:46,(anonymous_1)
FN:55,(anonymous_2)
FN:59,(anonymous_3)
FN:61,(anonymous_4)
FNF:5
FNH:5
FNDA:2,(anonymous_0)
FNDA:2,(anonymous_1)
FNDA:3,(anonymous_2)
FNDA:3,(anonymous_3)
FNDA:3,(anonymous_4)
DA:1,1
DA:3,1
DA:4,1
DA:20,1
DA:22,2
DA:23,2
DA:25,2
DA:26,2
DA:28,2
DA:39,2
DA:47,2
DA:54,2
DA:55,3
DA:59,3
DA:61,2
DA:62,3
DA:63,3
LF:17
LH:17
BRDA:40,0,0,2
BRDA:40,0,1,1
BRDA:67,1,0,3
BRDA:67,1,1,1
BRDA:68,2,0,3
BRDA:68,2,1,1
BRF:6
BRH:6
end_of_record
TN:
SF:src\modules\medications\controller.ts
FN:7,(anonymous_0)
FN:9,(anonymous_1)
FN:19,(anonymous_2)
FN:28,(anonymous_3)
FN:37,(anonymous_4)
FN:46,(anonymous_5)
FN:55,(anonymous_6)
FNF:7
FNH:7
FNDA:7,(anonymous_0)
FNDA:1,(anonymous_1)
FNDA:1,(anonymous_2)
FNDA:2,(anonymous_3)
FNDA:1,(anonymous_4)
FNDA:1,(anonymous_5)
FNDA:1,(anonymous_6)
DA:3,1
DA:6,1
DA:7,7
DA:9,7
DA:10,1
DA:11,1
DA:12,1
DA:13,1
DA:15,0
DA:19,7
DA:20,1
DA:21,1
DA:22,1
DA:24,0
DA:28,7
DA:29,2
DA:30,2
DA:31,1
DA:33,1
DA:37,7
DA:38,1
DA:39,1
DA:40,1
DA:42,0
DA:46,7
DA:47,1
DA:48,1
DA:49,1
DA:51,0
DA:55,7
DA:56,1
DA:57,1
DA:58,1
DA:60,0
LF:34
LH:29
BRF:0
BRH:0
end_of_record
TN:
SF:src\modules\medications\repository.ts
FN:13,(anonymous_0)
FN:30,(anonymous_1)
FN:43,(anonymous_2)
FN:47,(anonymous_3)
FN:53,(anonymous_4)
FN:57,(anonymous_5)
FN:61,(anonymous_6)
FNF:7
FNH:7
FNDA:1,(anonymous_0)
FNDA:1,(anonymous_1)
FNDA:1,(anonymous_2)
FNDA:1,(anonymous_3)
FNDA:1,(anonymous_4)
FNDA:1,(anonymous_5)
FNDA:1,(anonymous_6)
DA:2,1
DA:12,1
DA:14,1
DA:15,1
DA:17,1
DA:22,1
DA:27,1
DA:31,1
DA:44,1
DA:48,1
DA:54,1
DA:58,1
DA:62,1
LF:13
LH:13
BRDA:18,0,0,1
BRDA:18,0,1,1
BRDA:19,1,0,1
BRDA:19,1,1,1
BRDA:49,2,0,1
BRDA:49,2,1,1
BRF:6
BRH:6
end_of_record
TN:
SF:src\modules\medications\schema.ts
FN:14,(anonymous_0)
FNF:1
FNH:1
FNDA:8,(anonymous_0)
DA:1,1
DA:2,1
DA:4,1
DA:14,8
DA:17,1
DA:19,1
DA:26,1
LF:7
LH:7
BRF:0
BRH:0
end_of_record
TN:
SF:src\modules\medications\service.ts
FN:15,enrich
FN:26,(anonymous_1)
FN:28,(anonymous_2)
FN:33,(anonymous_3)
FN:38,(anonymous_4)
FN:44,(anonymous_5)
FN:56,(anonymous_6)
FN:71,(anonymous_7)
FNF:8
FNH:8
FNDA:12,enrich
FNDA:14,(anonymous_1)
FNDA:1,(anonymous_2)
FNDA:1,(anonymous_3)
FNDA:10,(anonymous_4)
FNDA:2,(anonymous_5)
FNDA:3,(anonymous_6)
FNDA:2,(anonymous_7)
DA:4,1
DA:7,1
DA:8,1
DA:16,12
DA:17,12
DA:18,12
DA:25,1
DA:26,14
DA:29,1
DA:30,1
DA:34,1
DA:35,1
DA:39,10
DA:40,10
DA:41,7
DA:45,2
DA:46,2
DA:48,1
DA:53,1
DA:57,3
DA:59,2
DA:60,2
DA:61,2
DA:64,1
DA:68,1
DA:72,2
DA:73,1
LF:27
LH:27
BRDA:40,0,0,3
BRDA:46,1,0,1
BRDA:59,2,0,2
BRDA:61,3,0,1
BRDA:66,4,0,1
BRDA:66,4,1,1
BRF:6
BRH:6
end_of_record
TN:
SF:src\modules\sales\controller.ts
FN:6,(anonymous_0)
FN:8,(anonymous_1)
FNF:2
FNH:2
FNDA:2,(anonymous_0)
FNDA:2,(anonymous_1)
DA:3,1
DA:5,1
DA:6,2
DA:8,2
DA:9,2
DA:10,2
DA:11,2
DA:12,1
DA:14,1
LF:9
LH:9
BRF:0
BRH:0
end_of_record
TN:
SF:src\modules\sales\repository.ts
FN:7,(anonymous_0)
FN:12,(anonymous_1)
FN:38,(anonymous_2)
FNF:3
FNH:3
FNDA:3,(anonymous_0)
FNDA:3,(anonymous_1)
FNDA:1,(anonymous_2)
DA:1,1
DA:2,1
DA:6,1
DA:12,3
DA:14,3
DA:15,3
DA:16,3
DA:17,2
DA:18,1
DA:25,1
DA:26,1
DA:33,1
DA:38,1
LF:13
LH:13
BRDA:16,0,0,1
BRDA:17,1,0,1
BRF:2
BRH:2
end_of_record
TN:
SF:src\modules\sales\schema.ts
FNF:0
FNH:0
DA:1,1
DA:3,1
LF:2
LH:2
BRF:0
BRH:0
end_of_record
TN:
SF:src\modules\sales\service.ts
FN:7,(anonymous_0)
FN:9,(anonymous_1)
FN:42,(anonymous_2)
FNF:3
FNH:3
FNDA:4,(anonymous_0)
FNDA:4,(anonymous_1)
FNDA:2,(anonymous_2)
DA:1,1
DA:4,1
DA:6,1
DA:7,4
DA:11,4
DA:12,4
DA:20,3
DA:22,3
DA:23,4
DA:24,4
DA:26,3
DA:27,1
DA:33,2
DA:34,2
DA:42,2
DA:44,1
LF:16
LH:16
BRDA:12,0,0,1
BRDA:24,1,0,1
BRDA:26,2,0,1
BRF:3
BRH:3
end_of_record
TN:
SF:src\shared\exceptions\index.ts
FN:2,(anonymous_0)
FN:14,(anonymous_1)
FN:21,(anonymous_2)
FN:28,(anonymous_3)
FN:35,(anonymous_4)
FN:42,(anonymous_5)
FN:49,(anonymous_6)
FNF:7
FNH:7
FNDA:17,(anonymous_0)
FNDA:1,(anonymous_1)
FNDA:6,(anonymous_2)
FNDA:4,(anonymous_3)
FNDA:2,(anonymous_4)
FNDA:1,(anonymous_5)
FNDA:1,(anonymous_6)
DA:1,4
DA:3,17
DA:4,17
DA:6,17
DA:8,17
DA:9,17
DA:13,4
DA:15,1
DA:16,1
DA:20,4
DA:22,6
DA:23,6
DA:27,4
DA:29,4
DA:30,4
DA:34,4
DA:36,2
DA:37,2
DA:41,4
DA:43,1
DA:44,1
DA:48,4
DA:50,1
DA:51,1
LF:24
LH:24
BRDA:42,0,0,1
BRDA:49,1,0,0
BRF:2
BRH:1
end_of_record
TN:
SF:src\shared\utils\response.ts
FN:4,sendSuccess
FN:9,sendError
FNF:2
FNH:2
FNDA:11,sendSuccess
FNDA:7,sendError
DA:4,6
DA:5,11
DA:6,11
DA:9,6
DA:16,7
DA:20,7
LF:6
LH:6
BRDA:4,0,0,7
BRDA:18,1,0,7
BRDA:18,1,1,3
BRF:3
BRH:3
end_of_record
